^^^^^^^^^^Mar 26 2017^^^14:40:13^^^^^^^^^^[17361,17361][2017-03-26 +0800 15:01:59]
del time out files time: 1
get mmap time: 0
MARS_URL: 
MARS_PATH: 
MARS_REVISION: 
MARS_BUILD_TIME: 2017-03-26 14:39:37
MARS_BUILD_JOB: mars_xlog_sdk/mars_libs
log appender mode:0, use mmap:1
[F][2017-03-26 +8.0 15:02:17.509][17361, 1*][yiqinTag f][, , 0][---12345快来
[E][2017-03-26 +8.0 15:02:17.512][17361, 1285][yiqinTag e][, , 0][1111---12345快来
[W][2017-03-26 +8.0 15:02:17.513][17361, 1285][yiqinTag w][, , 0][1111---12345快来
[E][2017-03-26 +8.0 15:02:17.513][17361, 1286][yiqinTag e][, , 0][2222---12345快来
[W][2017-03-26 +8.0 15:02:17.513][17361, 1286][yiqinTag w][, , 0][2222---12345快来
[I][2017-03-26 +8.0 15:02:17.513][17361, 1285][yiqinTag i][, , 0][1111---12345快来
[I][2017-03-26 +8.0 15:02:17.514][17361, 1286][yiqinTag i][, , 0][2222---12345快来
[D][2017-03-26 +8.0 15:02:17.516][17361, 1286][yiqinTag d][, , 0][2222---12345快来
[E][2017-03-26 +8.0 15:02:17.516][17361, 1287][yiqinTag e][, , 0][3333---12345快来
[D][2017-03-26 +8.0 15:02:17.516][17361, 1285][yiqinTag d][, , 0][1111---12345快来
[W][2017-03-26 +8.0 15:02:17.516][17361, 1287][yiqinTag w][, , 0][3333---12345快来
[I][2017-03-26 +8.0 15:02:17.519][17361, 1287][yiqinTag i][, , 0][3333---12345快来
[D][2017-03-26 +8.0 15:02:17.519][17361, 1287][yiqinTag d][, , 0][3333---12345快来
$$$$$$$$$$Mar 26 2017$$$14:40:13$$$$$$$$$$[17361,17361][2017-03-26 +0800 15:02:22]
^^^^^^^^^^Mar 26 2017^^^14:40:13^^^^^^^^^^[19767,19767][2017-03-26 +0800 15:03:21]
del time out files time: 0
get mmap time: 0
MARS_URL: 
MARS_PATH: 
MARS_REVISION: 
MARS_BUILD_TIME: 2017-03-26 14:39:37
MARS_BUILD_JOB: mars_xlog_sdk/mars_libs
log appender mode:0, use mmap:1
[F][2017-03-26 +8.0 15:03:27.889][19767, 1*][yiqinTag f][, , 0][---急急急123
[E][2017-03-26 +8.0 15:03:27.891][19767, 1343][yiqinTag e][, , 0][1111---急急急123
[W][2017-03-26 +8.0 15:03:27.892][19767, 1343][yiqinTag w][, , 0][1111---急急急123
[E][2017-03-26 +8.0 15:03:27.893][19767, 1344][yiqinTag e][, , 0][2222---急急急123
[W][2017-03-26 +8.0 15:03:27.893][19767, 1344][yiqinTag w][, , 0][2222---急急急123
[I][2017-03-26 +8.0 15:03:27.893][19767, 1344][yiqinTag i][, , 0][2222---急急急123
[I][2017-03-26 +8.0 15:03:27.893][19767, 1343][yiqinTag i][, , 0][1111---急急急123
[D][2017-03-26 +8.0 15:03:27.895][19767, 1343][yiqinTag d][, , 0][1111---急急急123
[D][2017-03-26 +8.0 15:03:27.895][19767, 1344][yiqinTag d][, , 0][2222---急急急123
[E][2017-03-26 +8.0 15:03:27.895][19767, 1345][yiqinTag e][, , 0][3333---急急急123
[W][2017-03-26 +8.0 15:03:27.896][19767, 1345][yiqinTag w][, , 0][3333---急急急123
[I][2017-03-26 +8.0 15:03:27.896][19767, 1345][yiqinTag i][, , 0][3333---急急急123
[D][2017-03-26 +8.0 15:03:27.896][19767, 1345][yiqinTag d][, , 0][3333---急急急123
$$$$$$$$$$Mar 26 2017$$$14:40:13$$$$$$$$$$[19767,19767][2017-03-26 +0800 15:03:47]
^^^^^^^^^^Mar 26 2017^^^14:40:13^^^^^^^^^^[19767,19767][2017-03-26 +0800 15:03:50]
del time out files time: 1
get mmap time: 0
MARS_URL: 
MARS_PATH: 
MARS_REVISION: 
MARS_BUILD_TIME: 2017-03-26 14:39:37
MARS_BUILD_JOB: mars_xlog_sdk/mars_libs
log appender mode:0, use mmap:1
$$$$$$$$$$Mar 26 2017$$$14:40:13$$$$$$$$$$[19767,19767][2017-03-26 +0800 15:03:54]
