^^^^^^^^^^Mar 26 2017^^^10:50:40^^^^^^^^^^[1294,1294][2017-03-26 +0800 11:37:48]
del time out files time: 0
get mmap time: 2
MARS_URL: 
MARS_PATH: 
MARS_REVISION: 
MARS_BUILD_TIME: 2017-03-26 10:49:56
MARS_BUILD_JOB: mars_xlog_sdk/mars_libs
log appender mode:0, use mmap:1
[F][2017-03-26 +8.0 11:37:52.586][1294, 1*][yiqinTag f][, , 0][---tut
[E][2017-03-26 +8.0 11:37:52.586][1294, 1*][yiqinTag e][, , 0][---tut
[W][2017-03-26 +8.0 11:37:52.587][1294, 1*][yiqinTag w][, , 0][---tut
[I][2017-03-26 +8.0 11:37:52.587][1294, 1*][yiqinTag i][, , 0][---tut
[D][2017-03-26 +8.0 11:37:52.587][1294, 1*][yiqinTag d][, , 0][---tut
[F][2017-03-26 +8.0 11:37:53.956][1294, 1*][yiqinTag f][, , 0][---tut
[E][2017-03-26 +8.0 11:37:53.957][1294, 1*][yiqinTag e][, , 0][---tut
[W][2017-03-26 +8.0 11:37:53.958][1294, 1*][yiqinTag w][, , 0][---tut
[I][2017-03-26 +8.0 11:37:53.958][1294, 1*][yiqinTag i][, , 0][---tut
[D][2017-03-26 +8.0 11:37:53.958][1294, 1*][yiqinTag d][, , 0][---tut
[F][2017-03-26 +8.0 11:37:54.122][1294, 1*][yiqinTag f][, , 0][---tut
[E][2017-03-26 +8.0 11:37:54.122][1294, 1*][yiqinTag e][, , 0][---tut
[W][2017-03-26 +8.0 11:37:54.122][1294, 1*][yiqinTag w][, , 0][---tut
[I][2017-03-26 +8.0 11:37:54.122][1294, 1*][yiqinTag i][, , 0][---tut
[D][2017-03-26 +8.0 11:37:54.123][1294, 1*][yiqinTag d][, , 0][---tut
[F][2017-03-26 +8.0 11:39:17.616][1294, 1*][yiqinTag f][, , 0][---tut你好美女
[E][2017-03-26 +8.0 11:39:17.617][1294, 1*][yiqinTag e][, , 0][---tut你好美女
[W][2017-03-26 +8.0 11:39:17.617][1294, 1*][yiqinTag w][, , 0][---tut你好美女
[I][2017-03-26 +8.0 11:39:17.617][1294, 1*][yiqinTag i][, , 0][---tut你好美女
[D][2017-03-26 +8.0 11:39:17.617][1294, 1*][yiqinTag d][, , 0][---tut你好美女
[F][2017-03-26 +8.0 11:39:18.067][1294, 1*][yiqinTag f][, , 0][---tut你好美女
[E][2017-03-26 +8.0 11:39:18.068][1294, 1*][yiqinTag e][, , 0][---tut你好美女
[W][2017-03-26 +8.0 11:39:18.068][1294, 1*][yiqinTag w][, , 0][---tut你好美女
[I][2017-03-26 +8.0 11:39:18.068][1294, 1*][yiqinTag i][, , 0][---tut你好美女
[D][2017-03-26 +8.0 11:39:18.069][1294, 1*][yiqinTag d][, , 0][---tut你好美女
[F][2017-03-26 +8.0 11:39:18.411][1294, 1*][yiqinTag f][, , 0][---tut你好美女
[E][2017-03-26 +8.0 11:39:18.411][1294, 1*][yiqinTag e][, , 0][---tut你好美女
[W][2017-03-26 +8.0 11:39:18.411][1294, 1*][yiqinTag w][, , 0][---tut你好美女
[I][2017-03-26 +8.0 11:39:18.412][1294, 1*][yiqinTag i][, , 0][---tut你好美女
[D][2017-03-26 +8.0 11:39:18.412][1294, 1*][yiqinTag d][, , 0][---tut你好美女
[F][2017-03-26 +8.0 11:39:18.610][1294, 1*][yiqinTag f][, , 0][---tut你好美女
[E][2017-03-26 +8.0 11:39:18.611][1294, 1*][yiqinTag e][, , 0][---tut你好美女
[W][2017-03-26 +8.0 11:39:18.611][1294, 1*][yiqinTag w][, , 0][---tut你好美女
[I][2017-03-26 +8.0 11:39:18.611][1294, 1*][yiqinTag i][, , 0][---tut你好美女
[D][2017-03-26 +8.0 11:39:18.611][1294, 1*][yiqinTag d][, , 0][---tut你好美女
[F][2017-03-26 +8.0 11:39:18.794][1294, 1*][yiqinTag f][, , 0][---tut你好美女
[E][2017-03-26 +8.0 11:39:18.795][1294, 1*][yiqinTag e][, , 0][---tut你好美女
[W][2017-03-26 +8.0 11:39:18.795][1294, 1*][yiqinTag w][, , 0][---tut你好美女
[I][2017-03-26 +8.0 11:39:18.795][1294, 1*][yiqinTag i][, , 0][---tut你好美女
[D][2017-03-26 +8.0 11:39:18.795][1294, 1*][yiqinTag d][, , 0][---tut你好美女
[F][2017-03-26 +8.0 11:39:18.962][1294, 1*][yiqinTag f][, , 0][---tut你好美女
[E][2017-03-26 +8.0 11:39:18.962][1294, 1*][yiqinTag e][, , 0][---tut你好美女
[W][2017-03-26 +8.0 11:39:18.963][1294, 1*][yiqinTag w][, , 0][---tut你好美女
[I][2017-03-26 +8.0 11:39:18.963][1294, 1*][yiqinTag i][, , 0][---tut你好美女
[D][2017-03-26 +8.0 11:39:18.963][1294, 1*][yiqinTag d][, , 0][---tut你好美女
[F][2017-03-26 +8.0 11:39:19.145][1294, 1*][yiqinTag f][, , 0][---tut你好美女
[E][2017-03-26 +8.0 11:39:19.146][1294, 1*][yiqinTag e][, , 0][---tut你好美女
[W][2017-03-26 +8.0 11:39:19.146][1294, 1*][yiqinTag w][, , 0][---tut你好美女
[I][2017-03-26 +8.0 11:39:19.146][1294, 1*][yiqinTag i][, , 0][---tut你好美女
[D][2017-03-26 +8.0 11:39:19.146][1294, 1*][yiqinTag d][, , 0][---tut你好美女
[F][2017-03-26 +8.0 11:39:19.312][1294, 1*][yiqinTag f][, , 0][---tut你好美女
[E][2017-03-26 +8.0 11:39:19.312][1294, 1*][yiqinTag e][, , 0][---tut你好美女
[W][2017-03-26 +8.0 11:39:19.313][1294, 1*][yiqinTag w][, , 0][---tut你好美女
[I][2017-03-26 +8.0 11:39:19.314][1294, 1*][yiqinTag i][, , 0][---tut你好美女
[D][2017-03-26 +8.0 11:39:19.314][1294, 1*][yiqinTag d][, , 0][---tut你好美女
[F][2017-03-26 +8.0 11:39:19.480][1294, 1*][yiqinTag f][, , 0][---tut你好美女
[E][2017-03-26 +8.0 11:39:19.480][1294, 1*][yiqinTag e][, , 0][---tut你好美女
[W][2017-03-26 +8.0 11:39:19.480][1294, 1*][yiqinTag w][, , 0][---tut你好美女
[I][2017-03-26 +8.0 11:39:19.481][1294, 1*][yiqinTag i][, , 0][---tut你好美女
[D][2017-03-26 +8.0 11:39:19.481][1294, 1*][yiqinTag d][, , 0][---tut你好美女
[F][2017-03-26 +8.0 11:39:19.664][1294, 1*][yiqinTag f][, , 0][---tut你好美女
[E][2017-03-26 +8.0 11:39:19.664][1294, 1*][yiqinTag e][, , 0][---tut你好美女
[W][2017-03-26 +8.0 11:39:19.664][1294, 1*][yiqinTag w][, , 0][---tut你好美女
[I][2017-03-26 +8.0 11:39:19.665][1294, 1*][yiqinTag i][, , 0][---tut你好美女
[D][2017-03-26 +8.0 11:39:19.665][1294, 1*][yiqinTag d][, , 0][---tut你好美女
[F][2017-03-26 +8.0 11:39:29.646][1294, 1*][yiqinTag f][, , 0][---tut你好美女hhh
[E][2017-03-26 +8.0 11:39:29.647][1294, 1*][yiqinTag e][, , 0][---tut你好美女hhh
[W][2017-03-26 +8.0 11:39:29.647][1294, 1*][yiqinTag w][, , 0][---tut你好美女hhh
[I][2017-03-26 +8.0 11:39:29.647][1294, 1*][yiqinTag i][, , 0][---tut你好美女hhh
[D][2017-03-26 +8.0 11:39:29.647][1294, 1*][yiqinTag d][, , 0][---tut你好美女hhh
[F][2017-03-26 +8.0 11:39:29.827][1294, 1*][yiqinTag f][, , 0][---tut你好美女hhh
[E][2017-03-26 +8.0 11:39:29.827][1294, 1*][yiqinTag e][, , 0][---tut你好美女hhh
[W][2017-03-26 +8.0 11:39:29.829][1294, 1*][yiqinTag w][, , 0][---tut你好美女hhh
[I][2017-03-26 +8.0 11:39:29.829][1294, 1*][yiqinTag i][, , 0][---tut你好美女hhh
[D][2017-03-26 +8.0 11:39:29.829][1294, 1*][yiqinTag d][, , 0][---tut你好美女hhh
[F][2017-03-26 +8.0 11:39:29.986][1294, 1*][yiqinTag f][, , 0][---tut你好美女hhh
[E][2017-03-26 +8.0 11:39:29.987][1294, 1*][yiqinTag e][, , 0][---tut你好美女hhh
[W][2017-03-26 +8.0 11:39:29.987][1294, 1*][yiqinTag w][, , 0][---tut你好美女hhh
[I][2017-03-26 +8.0 11:39:29.987][1294, 1*][yiqinTag i][, , 0][---tut你好美女hhh
[D][2017-03-26 +8.0 11:39:29.987][1294, 1*][yiqinTag d][, , 0][---tut你好美女hhh
[F][2017-03-26 +8.0 11:39:30.161][1294, 1*][yiqinTag f][, , 0][---tut你好美女hhh
[E][2017-03-26 +8.0 11:39:30.162][1294, 1*][yiqinTag e][, , 0][---tut你好美女hhh
[W][2017-03-26 +8.0 11:39:30.162][1294, 1*][yiqinTag w][, , 0][---tut你好美女hhh
[I][2017-03-26 +8.0 11:39:30.162][1294, 1*][yiqinTag i][, , 0][---tut你好美女hhh
[D][2017-03-26 +8.0 11:39:30.162][1294, 1*][yiqinTag d][, , 0][---tut你好美女hhh
[F][2017-03-26 +8.0 11:39:30.337][1294, 1*][yiqinTag f][, , 0][---tut你好美女hhh
[E][2017-03-26 +8.0 11:39:30.337][1294, 1*][yiqinTag e][, , 0][---tut你好美女hhh
[W][2017-03-26 +8.0 11:39:30.338][1294, 1*][yiqinTag w][, , 0][---tut你好美女hhh
[I][2017-03-26 +8.0 11:39:30.338][1294, 1*][yiqinTag i][, , 0][---tut你好美女hhh
[D][2017-03-26 +8.0 11:39:30.338][1294, 1*][yiqinTag d][, , 0][---tut你好美女hhh
[F][2017-03-26 +8.0 11:39:30.528][1294, 1*][yiqinTag f][, , 0][---tut你好美女hhh
[E][2017-03-26 +8.0 11:39:30.528][1294, 1*][yiqinTag e][, , 0][---tut你好美女hhh
[W][2017-03-26 +8.0 11:39:30.529][1294, 1*][yiqinTag w][, , 0][---tut你好美女hhh
[I][2017-03-26 +8.0 11:39:30.529][1294, 1*][yiqinTag i][, , 0][---tut你好美女hhh
[D][2017-03-26 +8.0 11:39:30.529][1294, 1*][yiqinTag d][, , 0][---tut你好美女hhh
[F][2017-03-26 +8.0 11:39:30.704][1294, 1*][yiqinTag f][, , 0][---tut你好美女hhh
[E][2017-03-26 +8.0 11:39:30.705][1294, 1*][yiqinTag e][, , 0][---tut你好美女hhh
[W][2017-03-26 +8.0 11:39:30.705][1294, 1*][yiqinTag w][, , 0][---tut你好美女hhh
[I][2017-03-26 +8.0 11:39:30.705][1294, 1*][yiqinTag i][, , 0][---tut你好美女hhh
[D][2017-03-26 +8.0 11:39:30.705][1294, 1*][yiqinTag d][, , 0][---tut你好美女hhh
[F][2017-03-26 +8.0 11:39:30.872][1294, 1*][yiqinTag f][, , 0][---tut你好美女hhh
[E][2017-03-26 +8.0 11:39:30.872][1294, 1*][yiqinTag e][, , 0][---tut你好美女hhh
[W][2017-03-26 +8.0 11:39:30.872][1294, 1*][yiqinTag w][, , 0][---tut你好美女hhh
[I][2017-03-26 +8.0 11:39:30.873][1294, 1*][yiqinTag i][, , 0][---tut你好美女hhh
[D][2017-03-26 +8.0 11:39:30.873][1294, 1*][yiqinTag d][, , 0][---tut你好美女hhh
[F][2017-03-26 +8.0 11:39:31.046][1294, 1*][yiqinTag f][, , 0][---tut你好美女hhh
[E][2017-03-26 +8.0 11:39:31.047][1294, 1*][yiqinTag e][, , 0][---tut你好美女hhh
[W][2017-03-26 +8.0 11:39:31.047][1294, 1*][yiqinTag w][, , 0][---tut你好美女hhh
[I][2017-03-26 +8.0 11:39:31.047][1294, 1*][yiqinTag i][, , 0][---tut你好美女hhh
[D][2017-03-26 +8.0 11:39:31.047][1294, 1*][yiqinTag d][, , 0][---tut你好美女hhh
[F][2017-03-26 +8.0 11:39:31.230][1294, 1*][yiqinTag f][, , 0][---tut你好美女hhh
[E][2017-03-26 +8.0 11:39:31.231][1294, 1*][yiqinTag e][, , 0][---tut你好美女hhh
[W][2017-03-26 +8.0 11:39:31.231][1294, 1*][yiqinTag w][, , 0][---tut你好美女hhh
[I][2017-03-26 +8.0 11:39:31.231][1294, 1*][yiqinTag i][, , 0][---tut你好美女hhh
[D][2017-03-26 +8.0 11:39:31.231][1294, 1*][yiqinTag d][, , 0][---tut你好美女hhh
[F][2017-03-26 +8.0 11:39:31.414][1294, 1*][yiqinTag f][, , 0][---tut你好美女hhh
[E][2017-03-26 +8.0 11:39:31.415][1294, 1*][yiqinTag e][, , 0][---tut你好美女hhh
[W][2017-03-26 +8.0 11:39:31.415][1294, 1*][yiqinTag w][, , 0][---tut你好美女hhh
[I][2017-03-26 +8.0 11:39:31.415][1294, 1*][yiqinTag i][, , 0][---tut你好美女hhh
[D][2017-03-26 +8.0 11:39:31.415][1294, 1*][yiqinTag d][, , 0][---tut你好美女hhh
[F][2017-03-26 +8.0 11:39:31.598][1294, 1*][yiqinTag f][, , 0][---tut你好美女hhh
[E][2017-03-26 +8.0 11:39:31.598][1294, 1*][yiqinTag e][, , 0][---tut你好美女hhh
[W][2017-03-26 +8.0 11:39:31.599][1294, 1*][yiqinTag w][, , 0][---tut你好美女hhh
[I][2017-03-26 +8.0 11:39:31.599][1294, 1*][yiqinTag i][, , 0][---tut你好美女hhh
[D][2017-03-26 +8.0 11:39:31.599][1294, 1*][yiqinTag d][, , 0][---tut你好美女hhh
[F][2017-03-26 +8.0 11:39:31.782][1294, 1*][yiqinTag f][, , 0][---tut你好美女hhh
[E][2017-03-26 +8.0 11:39:31.782][1294, 1*][yiqinTag e][, , 0][---tut你好美女hhh
[W][2017-03-26 +8.0 11:39:31.782][1294, 1*][yiqinTag w][, , 0][---tut你好美女hhh
[I][2017-03-26 +8.0 11:39:31.783][1294, 1*][yiqinTag i][, , 0][---tut你好美女hhh
[D][2017-03-26 +8.0 11:39:31.783][1294, 1*][yiqinTag d][, , 0][---tut你好美女hhh
[F][2017-03-26 +8.0 11:39:31.965][1294, 1*][yiqinTag f][, , 0][---tut你好美女hhh
[E][2017-03-26 +8.0 11:39:31.965][1294, 1*][yiqinTag e][, , 0][---tut你好美女hhh
[W][2017-03-26 +8.0 11:39:31.966][1294, 1*][yiqinTag w][, , 0][---tut你好美女hhh
[I][2017-03-26 +8.0 11:39:31.966][1294, 1*][yiqinTag i][, , 0][---tut你好美女hhh
[D][2017-03-26 +8.0 11:39:31.966][1294, 1*][yiqinTag d][, , 0][---tut你好美女hhh
[F][2017-03-26 +8.0 11:39:32.141][1294, 1*][yiqinTag f][, , 0][---tut你好美女hhh
[E][2017-03-26 +8.0 11:39:32.141][1294, 1*][yiqinTag e][, , 0][---tut你好美女hhh
[W][2017-03-26 +8.0 11:39:32.142][1294, 1*][yiqinTag w][, , 0][---tut你好美女hhh
[I][2017-03-26 +8.0 11:39:32.142][1294, 1*][yiqinTag i][, , 0][---tut你好美女hhh
[D][2017-03-26 +8.0 11:39:32.142][1294, 1*][yiqinTag d][, , 0][---tut你好美女hhh
[F][2017-03-26 +8.0 11:39:32.308][1294, 1*][yiqinTag f][, , 0][---tut你好美女hhh
[E][2017-03-26 +8.0 11:39:32.308][1294, 1*][yiqinTag e][, , 0][---tut你好美女hhh
[W][2017-03-26 +8.0 11:39:32.308][1294, 1*][yiqinTag w][, , 0][---tut你好美女hhh
[I][2017-03-26 +8.0 11:39:32.308][1294, 1*][yiqinTag i][, , 0][---tut你好美女hhh
[D][2017-03-26 +8.0 11:39:32.309][1294, 1*][yiqinTag d][, , 0][---tut你好美女hhh
[F][2017-03-26 +8.0 11:39:32.467][1294, 1*][yiqinTag f][, , 0][---tut你好美女hhh
[E][2017-03-26 +8.0 11:39:32.467][1294, 1*][yiqinTag e][, , 0][---tut你好美女hhh
[W][2017-03-26 +8.0 11:39:32.467][1294, 1*][yiqinTag w][, , 0][---tut你好美女hhh
[I][2017-03-26 +8.0 11:39:32.468][1294, 1*][yiqinTag i][, , 0][---tut你好美女hhh
[D][2017-03-26 +8.0 11:39:32.468][1294, 1*][yiqinTag d][, , 0][---tut你好美女hhh
[F][2017-03-26 +8.0 11:39:32.650][1294, 1*][yiqinTag f][, , 0][---tut你好美女hhh
[E][2017-03-26 +8.0 11:39:32.651][1294, 1*][yiqinTag e][, , 0][---tut你好美女hhh
[W][2017-03-26 +8.0 11:39:32.651][1294, 1*][yiqinTag w][, , 0][---tut你好美女hhh
[I][2017-03-26 +8.0 11:39:32.651][1294, 1*][yiqinTag i][, , 0][---tut你好美女hhh
[D][2017-03-26 +8.0 11:39:32.651][1294, 1*][yiqinTag d][, , 0][---tut你好美女hhh
$$$$$$$$$$Mar 26 2017$$$10:50:40$$$$$$$$$$[1294,1294][2017-03-26 +0800 11:39:34]
^^^^^^^^^^Mar 26 2017^^^10:50:40^^^^^^^^^^[1294,1294][2017-03-26 +0800 11:39:43]
del time out files time: 0
get mmap time: 0
MARS_URL: 
MARS_PATH: 
MARS_REVISION: 
MARS_BUILD_TIME: 2017-03-26 10:49:56
MARS_BUILD_JOB: mars_xlog_sdk/mars_libs
log appender mode:0, use mmap:1
[F][2017-03-26 +8.0 11:39:47.752][1294, 1*][yiqinTag f][, , 0][---好自为之
[E][2017-03-26 +8.0 11:39:47.752][1294, 1*][yiqinTag e][, , 0][---好自为之
[W][2017-03-26 +8.0 11:39:47.753][1294, 1*][yiqinTag w][, , 0][---好自为之
[I][2017-03-26 +8.0 11:39:47.753][1294, 1*][yiqinTag i][, , 0][---好自为之
[D][2017-03-26 +8.0 11:39:47.753][1294, 1*][yiqinTag d][, , 0][---好自为之
[F][2017-03-26 +8.0 11:39:47.919][1294, 1*][yiqinTag f][, , 0][---好自为之
[E][2017-03-26 +8.0 11:39:47.919][1294, 1*][yiqinTag e][, , 0][---好自为之
[W][2017-03-26 +8.0 11:39:47.920][1294, 1*][yiqinTag w][, , 0][---好自为之
[I][2017-03-26 +8.0 11:39:47.920][1294, 1*][yiqinTag i][, , 0][---好自为之
[D][2017-03-26 +8.0 11:39:47.920][1294, 1*][yiqinTag d][, , 0][---好自为之
[F][2017-03-26 +8.0 11:39:48.094][1294, 1*][yiqinTag f][, , 0][---好自为之
[E][2017-03-26 +8.0 11:39:48.095][1294, 1*][yiqinTag e][, , 0][---好自为之
[W][2017-03-26 +8.0 11:39:48.095][1294, 1*][yiqinTag w][, , 0][---好自为之
[I][2017-03-26 +8.0 11:39:48.096][1294, 1*][yiqinTag i][, , 0][---好自为之
[D][2017-03-26 +8.0 11:39:48.096][1294, 1*][yiqinTag d][, , 0][---好自为之
[F][2017-03-26 +8.0 11:39:48.262][1294, 1*][yiqinTag f][, , 0][---好自为之
[E][2017-03-26 +8.0 11:39:48.262][1294, 1*][yiqinTag e][, , 0][---好自为之
[W][2017-03-26 +8.0 11:39:48.263][1294, 1*][yiqinTag w][, , 0][---好自为之
[I][2017-03-26 +8.0 11:39:48.263][1294, 1*][yiqinTag i][, , 0][---好自为之
[D][2017-03-26 +8.0 11:39:48.263][1294, 1*][yiqinTag d][, , 0][---好自为之
[F][2017-03-26 +8.0 11:39:48.428][1294, 1*][yiqinTag f][, , 0][---好自为之
[E][2017-03-26 +8.0 11:39:48.429][1294, 1*][yiqinTag e][, , 0][---好自为之
[W][2017-03-26 +8.0 11:39:48.430][1294, 1*][yiqinTag w][, , 0][---好自为之
[I][2017-03-26 +8.0 11:39:48.430][1294, 1*][yiqinTag i][, , 0][---好自为之
[D][2017-03-26 +8.0 11:39:48.430][1294, 1*][yiqinTag d][, , 0][---好自为之
[F][2017-03-26 +8.0 11:39:48.589][1294, 1*][yiqinTag f][, , 0][---好自为之
[E][2017-03-26 +8.0 11:39:48.589][1294, 1*][yiqinTag e][, , 0][---好自为之
[W][2017-03-26 +8.0 11:39:48.589][1294, 1*][yiqinTag w][, , 0][---好自为之
[I][2017-03-26 +8.0 11:39:48.590][1294, 1*][yiqinTag i][, , 0][---好自为之
[D][2017-03-26 +8.0 11:39:48.590][1294, 1*][yiqinTag d][, , 0][---好自为之
[F][2017-03-26 +8.0 11:39:48.762][1294, 1*][yiqinTag f][, , 0][---好自为之
[E][2017-03-26 +8.0 11:39:48.763][1294, 1*][yiqinTag e][, , 0][---好自为之
[W][2017-03-26 +8.0 11:39:48.763][1294, 1*][yiqinTag w][, , 0][---好自为之
[I][2017-03-26 +8.0 11:39:48.763][1294, 1*][yiqinTag i][, , 0][---好自为之
[D][2017-03-26 +8.0 11:39:48.763][1294, 1*][yiqinTag d][, , 0][---好自为之
[F][2017-03-26 +8.0 11:39:48.946][1294, 1*][yiqinTag f][, , 0][---好自为之
[E][2017-03-26 +8.0 11:39:48.946][1294, 1*][yiqinTag e][, , 0][---好自为之
[W][2017-03-26 +8.0 11:39:48.947][1294, 1*][yiqinTag w][, , 0][---好自为之
[I][2017-03-26 +8.0 11:39:48.947][1294, 1*][yiqinTag i][, , 0][---好自为之
[D][2017-03-26 +8.0 11:39:48.947][1294, 1*][yiqinTag d][, , 0][---好自为之
[F][2017-03-26 +8.0 11:39:49.155][1294, 1*][yiqinTag f][, , 0][---好自为之
[E][2017-03-26 +8.0 11:39:49.155][1294, 1*][yiqinTag e][, , 0][---好自为之
[W][2017-03-26 +8.0 11:39:49.156][1294, 1*][yiqinTag w][, , 0][---好自为之
[I][2017-03-26 +8.0 11:39:49.156][1294, 1*][yiqinTag i][, , 0][---好自为之
[D][2017-03-26 +8.0 11:39:49.156][1294, 1*][yiqinTag d][, , 0][---好自为之
[F][2017-03-26 +8.0 11:39:49.331][1294, 1*][yiqinTag f][, , 0][---好自为之
[E][2017-03-26 +8.0 11:39:49.332][1294, 1*][yiqinTag e][, , 0][---好自为之
[W][2017-03-26 +8.0 11:39:49.332][1294, 1*][yiqinTag w][, , 0][---好自为之
[I][2017-03-26 +8.0 11:39:49.333][1294, 1*][yiqinTag i][, , 0][---好自为之
[D][2017-03-26 +8.0 11:39:49.333][1294, 1*][yiqinTag d][, , 0][---好自为之
[F][2017-03-26 +8.0 11:39:49.514][1294, 1*][yiqinTag f][, , 0][---好自为之
[E][2017-03-26 +8.0 11:39:49.515][1294, 1*][yiqinTag e][, , 0][---好自为之
[W][2017-03-26 +8.0 11:39:49.515][1294, 1*][yiqinTag w][, , 0][---好自为之
[I][2017-03-26 +8.0 11:39:49.515][1294, 1*][yiqinTag i][, , 0][---好自为之
[D][2017-03-26 +8.0 11:39:49.515][1294, 1*][yiqinTag d][, , 0][---好自为之
[F][2017-03-26 +8.0 11:39:49.682][1294, 1*][yiqinTag f][, , 0][---好自为之
[E][2017-03-26 +8.0 11:39:49.682][1294, 1*][yiqinTag e][, , 0][---好自为之
[W][2017-03-26 +8.0 11:39:49.683][1294, 1*][yiqinTag w][, , 0][---好自为之
[I][2017-03-26 +8.0 11:39:49.683][1294, 1*][yiqinTag i][, , 0][---好自为之
[D][2017-03-26 +8.0 11:39:49.683][1294, 1*][yiqinTag d][, , 0][---好自为之
[F][2017-03-26 +8.0 11:39:49.848][1294, 1*][yiqinTag f][, , 0][---好自为之
[E][2017-03-26 +8.0 11:39:49.848][1294, 1*][yiqinTag e][, , 0][---好自为之
[W][2017-03-26 +8.0 11:39:49.849][1294, 1*][yiqinTag w][, , 0][---好自为之
[I][2017-03-26 +8.0 11:39:49.849][1294, 1*][yiqinTag i][, , 0][---好自为之
[D][2017-03-26 +8.0 11:39:49.849][1294, 1*][yiqinTag d][, , 0][---好自为之
[F][2017-03-26 +8.0 11:39:50.007][1294, 1*][yiqinTag f][, , 0][---好自为之
[E][2017-03-26 +8.0 11:39:50.007][1294, 1*][yiqinTag e][, , 0][---好自为之
[W][2017-03-26 +8.0 11:39:50.008][1294, 1*][yiqinTag w][, , 0][---好自为之
[I][2017-03-26 +8.0 11:39:50.008][1294, 1*][yiqinTag i][, , 0][---好自为之
[D][2017-03-26 +8.0 11:39:50.008][1294, 1*][yiqinTag d][, , 0][---好自为之
[F][2017-03-26 +8.0 11:39:50.166][1294, 1*][yiqinTag f][, , 0][---好自为之
[E][2017-03-26 +8.0 11:39:50.166][1294, 1*][yiqinTag e][, , 0][---好自为之
[W][2017-03-26 +8.0 11:39:50.166][1294, 1*][yiqinTag w][, , 0][---好自为之
[I][2017-03-26 +8.0 11:39:50.166][1294, 1*][yiqinTag i][, , 0][---好自为之
[D][2017-03-26 +8.0 11:39:50.166][1294, 1*][yiqinTag d][, , 0][---好自为之
[F][2017-03-26 +8.0 11:39:50.324][1294, 1*][yiqinTag f][, , 0][---好自为之
[E][2017-03-26 +8.0 11:39:50.324][1294, 1*][yiqinTag e][, , 0][---好自为之
[W][2017-03-26 +8.0 11:39:50.325][1294, 1*][yiqinTag w][, , 0][---好自为之
[I][2017-03-26 +8.0 11:39:50.325][1294, 1*][yiqinTag i][, , 0][---好自为之
[D][2017-03-26 +8.0 11:39:50.325][1294, 1*][yiqinTag d][, , 0][---好自为之
[F][2017-03-26 +8.0 11:39:50.475][1294, 1*][yiqinTag f][, , 0][---好自为之
[E][2017-03-26 +8.0 11:39:50.476][1294, 1*][yiqinTag e][, , 0][---好自为之
[W][2017-03-26 +8.0 11:39:50.476][1294, 1*][yiqinTag w][, , 0][---好自为之
[I][2017-03-26 +8.0 11:39:50.476][1294, 1*][yiqinTag i][, , 0][---好自为之
[D][2017-03-26 +8.0 11:39:50.476][1294, 1*][yiqinTag d][, , 0][---好自为之
[F][2017-03-26 +8.0 11:39:50.626][1294, 1*][yiqinTag f][, , 0][---好自为之
[E][2017-03-26 +8.0 11:39:50.626][1294, 1*][yiqinTag e][, , 0][---好自为之
[W][2017-03-26 +8.0 11:39:50.626][1294, 1*][yiqinTag w][, , 0][---好自为之
[I][2017-03-26 +8.0 11:39:50.626][1294, 1*][yiqinTag i][, , 0][---好自为之
[D][2017-03-26 +8.0 11:39:50.626][1294, 1*][yiqinTag d][, , 0][---好自为之
[F][2017-03-26 +8.0 11:39:50.767][1294, 1*][yiqinTag f][, , 0][---好自为之
[E][2017-03-26 +8.0 11:39:50.767][1294, 1*][yiqinTag e][, , 0][---好自为之
[W][2017-03-26 +8.0 11:39:50.768][1294, 1*][yiqinTag w][, , 0][---好自为之
[I][2017-03-26 +8.0 11:39:50.768][1294, 1*][yiqinTag i][, , 0][---好自为之
[D][2017-03-26 +8.0 11:39:50.768][1294, 1*][yiqinTag d][, , 0][---好自为之
$$$$$$$$$$Mar 26 2017$$$10:50:40$$$$$$$$$$[1294,1294][2017-03-26 +0800 11:39:52]
^^^^^^^^^^Mar 26 2017^^^10:50:40^^^^^^^^^^[1294,1294][2017-03-26 +0800 11:39:59]
del time out files time: 0
get mmap time: 0
MARS_URL: 
MARS_PATH: 
MARS_REVISION: 
MARS_BUILD_TIME: 2017-03-26 10:49:56
MARS_BUILD_JOB: mars_xlog_sdk/mars_libs
log appender mode:0, use mmap:1
[F][2017-03-26 +8.0 11:40:09.604][1294, 1*][yiqinTag f][, , 0][---给你妹
[E][2017-03-26 +8.0 11:40:09.605][1294, 1*][yiqinTag e][, , 0][---给你妹
[W][2017-03-26 +8.0 11:40:09.606][1294, 1*][yiqinTag w][, , 0][---给你妹
[I][2017-03-26 +8.0 11:40:09.606][1294, 1*][yiqinTag i][, , 0][---给你妹
[D][2017-03-26 +8.0 11:40:09.607][1294, 1*][yiqinTag d][, , 0][---给你妹
[F][2017-03-26 +8.0 11:40:10.589][1294, 1*][yiqinTag f][, , 0][---给你妹
[E][2017-03-26 +8.0 11:40:10.589][1294, 1*][yiqinTag e][, , 0][---给你妹
[W][2017-03-26 +8.0 11:40:10.590][1294, 1*][yiqinTag w][, , 0][---给你妹
[I][2017-03-26 +8.0 11:40:10.590][1294, 1*][yiqinTag i][, , 0][---给你妹
[D][2017-03-26 +8.0 11:40:10.590][1294, 1*][yiqinTag d][, , 0][---给你妹
[F][2017-03-26 +8.0 11:40:10.756][1294, 1*][yiqinTag f][, , 0][---给你妹
[E][2017-03-26 +8.0 11:40:10.757][1294, 1*][yiqinTag e][, , 0][---给你妹
[W][2017-03-26 +8.0 11:40:10.757][1294, 1*][yiqinTag w][, , 0][---给你妹
[I][2017-03-26 +8.0 11:40:10.757][1294, 1*][yiqinTag i][, , 0][---给你妹
[D][2017-03-26 +8.0 11:40:10.757][1294, 1*][yiqinTag d][, , 0][---给你妹
[F][2017-03-26 +8.0 11:40:10.923][1294, 1*][yiqinTag f][, , 0][---给你妹
[E][2017-03-26 +8.0 11:40:10.924][1294, 1*][yiqinTag e][, , 0][---给你妹
[W][2017-03-26 +8.0 11:40:10.924][1294, 1*][yiqinTag w][, , 0][---给你妹
[I][2017-03-26 +8.0 11:40:10.924][1294, 1*][yiqinTag i][, , 0][---给你妹
[D][2017-03-26 +8.0 11:40:10.925][1294, 1*][yiqinTag d][, , 0][---给你妹
[F][2017-03-26 +8.0 11:40:11.098][1294, 1*][yiqinTag f][, , 0][---给你妹
[E][2017-03-26 +8.0 11:40:11.098][1294, 1*][yiqinTag e][, , 0][---给你妹
[W][2017-03-26 +8.0 11:40:11.099][1294, 1*][yiqinTag w][, , 0][---给你妹
[I][2017-03-26 +8.0 11:40:11.099][1294, 1*][yiqinTag i][, , 0][---给你妹
[D][2017-03-26 +8.0 11:40:11.099][1294, 1*][yiqinTag d][, , 0][---给你妹
[F][2017-03-26 +8.0 11:40:11.275][1294, 1*][yiqinTag f][, , 0][---给你妹
[E][2017-03-26 +8.0 11:40:11.275][1294, 1*][yiqinTag e][, , 0][---给你妹
[W][2017-03-26 +8.0 11:40:11.276][1294, 1*][yiqinTag w][, , 0][---给你妹
[I][2017-03-26 +8.0 11:40:11.276][1294, 1*][yiqinTag i][, , 0][---给你妹
[D][2017-03-26 +8.0 11:40:11.276][1294, 1*][yiqinTag d][, , 0][---给你妹
[F][2017-03-26 +8.0 11:40:11.441][1294, 1*][yiqinTag f][, , 0][---给你妹
[E][2017-03-26 +8.0 11:40:11.442][1294, 1*][yiqinTag e][, , 0][---给你妹
[W][2017-03-26 +8.0 11:40:11.443][1294, 1*][yiqinTag w][, , 0][---给你妹
[I][2017-03-26 +8.0 11:40:11.443][1294, 1*][yiqinTag i][, , 0][---给你妹
[D][2017-03-26 +8.0 11:40:11.443][1294, 1*][yiqinTag d][, , 0][---给你妹
[F][2017-03-26 +8.0 11:40:11.649][1294, 1*][yiqinTag f][, , 0][---给你妹
[E][2017-03-26 +8.0 11:40:11.650][1294, 1*][yiqinTag e][, , 0][---给你妹
[W][2017-03-26 +8.0 11:40:11.651][1294, 1*][yiqinTag w][, , 0][---给你妹
[I][2017-03-26 +8.0 11:40:11.651][1294, 1*][yiqinTag i][, , 0][---给你妹
[D][2017-03-26 +8.0 11:40:11.651][1294, 1*][yiqinTag d][, , 0][---给你妹
[F][2017-03-26 +8.0 11:40:11.842][1294, 1*][yiqinTag f][, , 0][---给你妹
[E][2017-03-26 +8.0 11:40:11.842][1294, 1*][yiqinTag e][, , 0][---给你妹
[W][2017-03-26 +8.0 11:40:11.842][1294, 1*][yiqinTag w][, , 0][---给你妹
[I][2017-03-26 +8.0 11:40:11.843][1294, 1*][yiqinTag i][, , 0][---给你妹
[D][2017-03-26 +8.0 11:40:11.843][1294, 1*][yiqinTag d][, , 0][---给你妹
[F][2017-03-26 +8.0 11:40:11.975][1294, 1*][yiqinTag f][, , 0][---给你妹
